<?xml version="1.0" encoding="UTF-8"?>
<!-- Generated by org.testng.reporters.JUnitXMLReporter -->
<testsuite hostname="DESKTOP-I8PQN7U" name="Test" tests="4" failures="0" timestamp="12 May 2020 15:13:41 GMT" time="54.058" errors="0">
  <testcase name="validateLogin" time="5.548" classname="academy3.Login3"/>
  <testcase name="validateLogin" time="4.328" classname="academy3.Login3"/>
  <testcase name="validateTest" time="0.159" classname="academy3.TitleValidation3"/>
  <testcase name="validateNavbar" time="0.085" classname="academy3.NavbarValidation3"/>
</testsuite> <!-- Test -->
