<?xml version="1.0" encoding="UTF-8"?>
<!-- Generated by org.testng.reporters.JUnitXMLReporter -->
<testsuite hostname="DESKTOP-I8PQN7U" ignored="0" name="Test" tests="4" failures="0" timestamp="12 May 2020 15:50:51 GMT" time="55.572" errors="0">
  <testcase name="validateLogin" time="6.385" classname="academy3.Login3"/>
  <testcase name="validateLogin" time="4.469" classname="academy3.Login3"/>
  <testcase name="validateTest" time="0.186" classname="academy3.TitleValidation3"/>
  <testcase name="validateNavbar" time="0.097" classname="academy3.NavbarValidation3"/>
</testsuite> <!-- Test -->
