<?xml version="1.0" encoding="UTF-8"?>
<!-- Generated by org.testng.reporters.JUnitXMLReporter -->
<testsuite hostname="DESKTOP-I8PQN7U" ignored="0" name="Validating Title" tests="1" failures="1" timestamp="18 May 2020 16:31:53 GMT" time="17.497" errors="0">
  <testcase name="validateTitle" time="1.835" classname="academy3.TitleValidation3">
    <failure type="java.lang.AssertionError" message="expected [2FEATURED COURSES] but found [FEATURED COURSES]">
      <![CDATA[java.lang.AssertionError: expected [2FEATURED COURSES] but found [FEATURED COURSES]
at academy3.TitleValidation3.validateTitle(TitleValidation3.java:33)
at java.util.concurrent.FutureTask.run(FutureTask.java:266)
at java.util.concurrent.ThreadPoolExecutor.runWorker(ThreadPoolExecutor.java:1149)
at java.util.concurrent.ThreadPoolExecutor$Worker.run(ThreadPoolExecutor.java:624)
at java.lang.Thread.run(Thread.java:748)
... Removed 22 stack frames]]>
    </failure>
  </testcase> <!-- validateTitle -->
</testsuite> <!-- Validating Title -->
