<?xml version="1.0" encoding="UTF-8"?>
<testng-results skipped="0" failed="0" total="1" passed="1">
  <reporter-output>
  </reporter-output>
  <suite name="Default suite" duration-ms="15456" started-at="2020-05-18T15:29:50Z" finished-at="2020-05-18T15:30:06Z">
    <groups>
    </groups>
    <test name="Default test" duration-ms="15456" started-at="2020-05-18T15:29:50Z" finished-at="2020-05-18T15:30:06Z">
      <class name="academy3.NavbarValidation3">
        <test-method status="PASS" signature="initializeTest()[pri:0, instance:academy3.NavbarValidation3@2767e23c]" name="initializeTest" is-config="true" duration-ms="15260" started-at="2020-05-18T11:29:50Z" finished-at="2020-05-18T11:30:06Z">
          <reporter-output>
          </reporter-output>
        </test-method> <!-- initializeTest -->
        <test-method status="PASS" signature="validateNavbar()[pri:0, instance:academy3.NavbarValidation3@2767e23c]" name="validateNavbar" duration-ms="87" started-at="2020-05-18T11:30:06Z" finished-at="2020-05-18T11:30:06Z">
          <reporter-output>
          </reporter-output>
        </test-method> <!-- validateNavbar -->
        <test-method status="PASS" signature="closeBrowser()[pri:0, instance:academy3.NavbarValidation3@2767e23c]" name="closeBrowser" is-config="true" duration-ms="93" started-at="2020-05-18T11:30:06Z" finished-at="2020-05-18T11:30:06Z">
          <reporter-output>
          </reporter-output>
        </test-method> <!-- closeBrowser -->
      </class> <!-- academy3.NavbarValidation3 -->
    </test> <!-- Default test -->
  </suite> <!-- Default suite -->
</testng-results>
